<?xml version="1.0" encoding="UTF-8"?>
<!-- Generated by org.testng.reporters.JUnitReportReporter -->
<testsuite hostname="MacBook-Pro-de-Felipe.local" failures="0" tests="1" name="TestGoogle" time="34.869" errors="0" timestamp="2022-04-02T15:13:21 COT" skipped="0">
  <testcase classname="TestGoogle" name="testGoogleSearch" time="34.869"/>
  <system-out/>
</testsuite> <!-- TestGoogle -->
